
-----
Test: tests/test_buy_product.py::test_buy_product_1 (call)
Start time: 2024-12-01 11:06:39.264019
Start name method: go_to_whisky_page

End time: 2024-12-01 11:06:43.226035
End name method: go_to_whisky_page
URL: https://www.portovino.co.il/whisky

-----

-----
Test: tests/test_buy_product.py::test_buy_product_1 (call)
Start time: 2024-12-01 11:06:43.226236
Start name method: add_to_cart_product_1

End time: 2024-12-01 11:06:54.191223
End name method: add_to_cart_product_1
URL: https://www.portovino.co.il/cart

-----

-----
Test: tests/test_buy_product.py::test_buy_product_1 (call)
Start time: 2024-12-01 11:06:54.191422
Start name method: product_confirmation

End time: 2024-12-01 11:07:10.967174
End name method: product_confirmation
URL: https://www.portovino.co.il/checkout?appSectionParams=%7B%22a11y%22%3Atrue%2C%22cartId%22%3A%22e1a541df-5b65-4d2e-bf11-1d8553af7e93%22%2C%22storeUrl%22%3A%22https%3A%2F%2Fwww.portovino.co.il%22%2C%22cashierPaymentId%22%3A%22%22%2C%22origin%22%3A%22shopping+cart%22%2C%22originType%22%3A%22addToCart%22%2C%22checkoutId%22%3A%2296f8b381-5d47-463c-ada5-8bc01e5dc56e%22%2C%22isPreselectedFlow%22%3Afalse%7D&checkoutOOI=true

-----
