
-----
Test: tests/test_buy_product.py::test_buy_product_1 (call)
Start time: 2024-12-01 11:18:36.750803
Start name method: go_to_whisky_page

End time: 2024-12-01 11:18:40.604648
End name method: go_to_whisky_page
URL: https://www.portovino.co.il/whisky

-----

-----
Test: tests/test_buy_product.py::test_buy_product_1 (call)
Start time: 2024-12-01 11:18:40.604848
Start name method: add_to_cart_product_1

End time: 2024-12-01 11:18:53.860485
End name method: add_to_cart_product_1
URL: https://www.portovino.co.il/cart

-----

-----
Test: tests/test_buy_product.py::test_buy_product_1 (call)
Start time: 2024-12-01 11:18:53.860696
Start name method: product_confirmation

End time: 2024-12-01 11:19:11.711646
End name method: product_confirmation
URL: https://www.portovino.co.il/checkout?appSectionParams=%7B%22a11y%22%3Atrue%2C%22cartId%22%3A%2236415fa8-b7ad-4bbf-a9bd-e533b0261973%22%2C%22storeUrl%22%3A%22https%3A%2F%2Fwww.portovino.co.il%22%2C%22cashierPaymentId%22%3A%22%22%2C%22origin%22%3A%22shopping+cart%22%2C%22originType%22%3A%22addToCart%22%2C%22checkoutId%22%3A%222b0ecaf4-58c1-41df-8944-86780340b8cb%22%2C%22isPreselectedFlow%22%3Afalse%7D&checkoutOOI=true

-----
