
-----
Test: tests/test_buy_product.py::test_buy_product_1 (call)
Start time: 2024-12-01 10:52:08.454920
Start name method: go_to_whisky_page

End time: 2024-12-01 10:52:19.963993
End name method: go_to_whisky_page
URL: https://www.portovino.co.il/whisky

-----

-----
Test: tests/test_buy_product.py::test_buy_product_1 (call)
Start time: 2024-12-01 10:52:19.964257
Start name method: add_to_cart_product_1

End time: 2024-12-01 10:52:33.020316
End name method: add_to_cart_product_1
URL: https://www.portovino.co.il/cart

-----

-----
Test: tests/test_buy_product.py::test_buy_product_1 (call)
Start time: 2024-12-01 10:52:33.020507
Start name method: product_confirmation

End time: 2024-12-01 10:52:48.250112
End name method: product_confirmation
URL: https://www.portovino.co.il/checkout?appSectionParams=%7B%22a11y%22%3Atrue%2C%22cartId%22%3A%22de6529c6-79ec-4702-b9c6-eccde0a53186%22%2C%22storeUrl%22%3A%22https%3A%2F%2Fwww.portovino.co.il%22%2C%22cashierPaymentId%22%3A%22%22%2C%22origin%22%3A%22shopping+cart%22%2C%22originType%22%3A%22addToCart%22%2C%22checkoutId%22%3A%2203fccad0-5aa4-4deb-90fc-5b098c1b76be%22%2C%22isPreselectedFlow%22%3Afalse%7D&checkoutOOI=true

-----
