
-----
Test: test_buy_product.py::test_buy_product_1 (call)
Start time: 2024-12-01 10:54:51.911721
Start name method: go_to_whisky_page

End time: 2024-12-01 10:54:56.835234
End name method: go_to_whisky_page
URL: https://www.portovino.co.il/whisky

-----

-----
Test: test_buy_product.py::test_buy_product_1 (call)
Start time: 2024-12-01 10:54:56.835487
Start name method: add_to_cart_product_1

End time: 2024-12-01 10:55:08.708382
End name method: add_to_cart_product_1
URL: https://www.portovino.co.il/cart

-----

-----
Test: test_buy_product.py::test_buy_product_1 (call)
Start time: 2024-12-01 10:55:08.708568
Start name method: product_confirmation

End time: 2024-12-01 10:55:23.961660
End name method: product_confirmation
URL: https://www.portovino.co.il/checkout?appSectionParams=%7B%22a11y%22%3Atrue%2C%22cartId%22%3A%2211d6de31-e2c8-4368-a4fa-3a6a20e4a2c3%22%2C%22storeUrl%22%3A%22https%3A%2F%2Fwww.portovino.co.il%22%2C%22cashierPaymentId%22%3A%22%22%2C%22origin%22%3A%22shopping+cart%22%2C%22originType%22%3A%22addToCart%22%2C%22checkoutId%22%3A%22b766a91a-ba00-4de2-9461-e0e78ce22dab%22%2C%22isPreselectedFlow%22%3Afalse%7D&checkoutOOI=true

-----
