
-----
Test: test_buy_product.py::test_buy_product_1 (call)
Start time: 2024-12-01 11:20:14.271491
Start name method: go_to_whisky_page

End time: 2024-12-01 11:20:19.226366
End name method: go_to_whisky_page
URL: https://www.portovino.co.il/whisky

-----

-----
Test: test_buy_product.py::test_buy_product_1 (call)
Start time: 2024-12-01 11:20:19.226518
Start name method: add_to_cart_product_1

End time: 2024-12-01 11:20:30.155085
End name method: add_to_cart_product_1
URL: https://www.portovino.co.il/cart

-----

-----
Test: test_buy_product.py::test_buy_product_1 (call)
Start time: 2024-12-01 11:20:30.155278
Start name method: product_confirmation

End time: 2024-12-01 11:20:45.430173
End name method: product_confirmation
URL: https://www.portovino.co.il/checkout?appSectionParams=%7B%22a11y%22%3Atrue%2C%22cartId%22%3A%22dc0c0b11-f7f1-492c-a644-2b07c993910d%22%2C%22storeUrl%22%3A%22https%3A%2F%2Fwww.portovino.co.il%22%2C%22cashierPaymentId%22%3A%22%22%2C%22origin%22%3A%22shopping+cart%22%2C%22originType%22%3A%22addToCart%22%2C%22checkoutId%22%3A%226848bc88-4cb4-44fe-be72-05d3a279cd23%22%2C%22isPreselectedFlow%22%3Afalse%7D&checkoutOOI=true

-----
